<?xml version="1.0" encoding="UTF-8" standalone="no"?>
<testsuite failures="1" name="cucumber.runtime.formatter.JUnitFormatter" skipped="0" tests="1" time="7.604962">
<testcase classname="Broadband Service Check" name="TC001: As an Internet user, I want to know which Chorus services are available to me." time="7.604962">
<failure message="org.openqa.selenium.SessionNotCreatedException: session not created: This version of ChromeDriver only supports Chrome version 81&#10;Build info: version: '3.7.0', revision: '2321c73', time: '2017-11-02T22:22:35.584Z'&#10;System info: host: 'CPX-6FXNFMZVKVJ', ip: '10.0.105.112', os.name: 'Windows 10', os.arch: 'amd64', os.version: '10.0', java.version: '1.8.0_191'&#10;Driver info: driver.version: ChromeDriver&#10;remote stacktrace: Backtrace:&#10;&#9;Ordinal0 [0x008F5D53+2448723]&#10;&#9;Ordinal0 [0x00828131+1605937]&#10;&#9;Ordinal0 [0x0071F879+522361]&#10;&#9;Ordinal0 [0x006B05F3+67059]&#10;&#9;Ordinal0 [0x006ACD92+52626]&#10;&#9;Ordinal0 [0x006CC127+180519]&#10;&#9;Ordinal0 [0x006CBF2D+180013]&#10;&#9;Ordinal0 [0x006C9E5B+171611]&#10;&#9;Ordinal0 [0x006B1DD8+73176]&#10;&#9;Ordinal0 [0x006B2E50+77392]&#10;&#9;Ordinal0 [0x006B2DE9+77289]&#10;&#9;Ordinal0 [0x0083D6A7+1693351]&#10;&#9;GetHandleVerifier [0x00993E16+522726]&#10;&#9;GetHandleVerifier [0x00993B54+522020]&#10;&#9;GetHandleVerifier [0x009A8F67+609079]&#10;&#9;GetHandleVerifier [0x00994686+524886]&#10;&#9;Ordinal0 [0x00835A8C+1661580]&#10;&#9;Ordinal0 [0x0083F00B+1699851]&#10;&#9;Ordinal0 [0x0083F173+1700211]&#10;&#9;Ordinal0 [0x00854FE5+1789925]&#10;&#9;BaseThreadInitThunk [0x74806359+25]&#10;&#9;RtlGetAppContainerNamedObjectPath [0x76F37B74+228]&#10;&#9;RtlGetAppContainerNamedObjectPath [0x76F37B44+180]&#10;&#13;&#10;&#9;at sun.reflect.NativeConstructorAccessorImpl.newInstance0(Native Method)&#13;&#10;&#9;at sun.reflect.NativeConstructorAccessorImpl.newInstance(NativeConstructorAccessorImpl.java:62)&#13;&#10;&#9;at sun.reflect.DelegatingConstructorAccessorImpl.newInstance(DelegatingConstructorAccessorImpl.java:45)&#13;&#10;&#9;at java.lang.reflect.Constructor.newInstance(Constructor.java:423)&#13;&#10;&#9;at org.openqa.selenium.remote.W3CHandshakeResponse.lambda$new$0(W3CHandshakeResponse.java:57)&#13;&#10;&#9;at org.openqa.selenium.remote.W3CHandshakeResponse.lambda$getResponseFunction$2(W3CHandshakeResponse.java:104)&#13;&#10;&#9;at org.openqa.selenium.remote.ProtocolHandshake.lambda$createSession$0(ProtocolHandshake.java:123)&#13;&#10;&#9;at java.util.stream.ReferencePipeline$3$1.accept(ReferencePipeline.java:193)&#13;&#10;&#9;at java.util.Spliterators$ArraySpliterator.tryAdvance(Spliterators.java:958)&#13;&#10;&#9;at java.util.stream.ReferencePipeline.forEachWithCancel(ReferencePipeline.java:126)&#13;&#10;&#9;at java.util.stream.AbstractPipeline.copyIntoWithCancel(AbstractPipeline.java:498)&#13;&#10;&#9;at java.util.stream.AbstractPipeline.copyInto(AbstractPipeline.java:485)&#13;&#10;&#9;at java.util.stream.AbstractPipeline.wrapAndCopyInto(AbstractPipeline.java:471)&#13;&#10;&#9;at java.util.stream.FindOps$FindOp.evaluateSequential(FindOps.java:152)&#13;&#10;&#9;at java.util.stream.AbstractPipeline.evaluate(AbstractPipeline.java:234)&#13;&#10;&#9;at java.util.stream.ReferencePipeline.findFirst(ReferencePipeline.java:464)&#13;&#10;&#9;at org.openqa.selenium.remote.ProtocolHandshake.createSession(ProtocolHandshake.java:126)&#13;&#10;&#9;at org.openqa.selenium.remote.ProtocolHandshake.createSession(ProtocolHandshake.java:73)&#13;&#10;&#9;at org.openqa.selenium.remote.HttpCommandExecutor.execute(HttpCommandExecutor.java:142)&#13;&#10;&#9;at org.openqa.selenium.remote.service.DriverCommandExecutor.execute(DriverCommandExecutor.java:83)&#13;&#10;&#9;at org.openqa.selenium.remote.RemoteWebDriver.execute(RemoteWebDriver.java:600)&#13;&#10;&#9;at org.openqa.selenium.remote.RemoteWebDriver.startSession(RemoteWebDriver.java:219)&#13;&#10;&#9;at org.openqa.selenium.remote.RemoteWebDriver.&lt;init&gt;(RemoteWebDriver.java:142)&#13;&#10;&#9;at org.openqa.selenium.chrome.ChromeDriver.&lt;init&gt;(ChromeDriver.java:181)&#13;&#10;&#9;at org.openqa.selenium.chrome.ChromeDriver.&lt;init&gt;(ChromeDriver.java:168)&#13;&#10;&#9;at org.openqa.selenium.chrome.ChromeDriver.&lt;init&gt;(ChromeDriver.java:123)&#13;&#10;&#9;at com.cucumber.pages.BasePage.open(BasePage.java:53)&#13;&#10;&#9;at com.cucumber.steps.BasePageSteps.openHomePage(BasePageSteps.java:48)&#13;&#10;&#9;at ✽.Given the user opens the &quot;broadband-map&quot; page(src/test/java/com/cucumber/features/service_check.feature:7)&#13;&#10;"><![CDATA[Given the user opens the "broadband-map" page...............................failed
When the user types his address "12/21 Waripori Street, Berhampore, Wellington".skipped
Then verify the list of service is displayed................................skipped
Then print the list of service available....................................skipped
Then take screenshot of the page............................................skipped

StackTrace:
org.openqa.selenium.SessionNotCreatedException: session not created: This version of ChromeDriver only supports Chrome version 81
Build info: version: '3.7.0', revision: '2321c73', time: '2017-11-02T22:22:35.584Z'
System info: host: 'CPX-6FXNFMZVKVJ', ip: '10.0.105.112', os.name: 'Windows 10', os.arch: 'amd64', os.version: '10.0', java.version: '1.8.0_191'
Driver info: driver.version: ChromeDriver
remote stacktrace: Backtrace:
	Ordinal0 [0x008F5D53+2448723]
	Ordinal0 [0x00828131+1605937]
	Ordinal0 [0x0071F879+522361]
	Ordinal0 [0x006B05F3+67059]
	Ordinal0 [0x006ACD92+52626]
	Ordinal0 [0x006CC127+180519]
	Ordinal0 [0x006CBF2D+180013]
	Ordinal0 [0x006C9E5B+171611]
	Ordinal0 [0x006B1DD8+73176]
	Ordinal0 [0x006B2E50+77392]
	Ordinal0 [0x006B2DE9+77289]
	Ordinal0 [0x0083D6A7+1693351]
	GetHandleVerifier [0x00993E16+522726]
	GetHandleVerifier [0x00993B54+522020]
	GetHandleVerifier [0x009A8F67+609079]
	GetHandleVerifier [0x00994686+524886]
	Ordinal0 [0x00835A8C+1661580]
	Ordinal0 [0x0083F00B+1699851]
	Ordinal0 [0x0083F173+1700211]
	Ordinal0 [0x00854FE5+1789925]
	BaseThreadInitThunk [0x74806359+25]
	RtlGetAppContainerNamedObjectPath [0x76F37B74+228]
	RtlGetAppContainerNamedObjectPath [0x76F37B44+180]

	at sun.reflect.NativeConstructorAccessorImpl.newInstance0(Native Method)
	at sun.reflect.NativeConstructorAccessorImpl.newInstance(NativeConstructorAccessorImpl.java:62)
	at sun.reflect.DelegatingConstructorAccessorImpl.newInstance(DelegatingConstructorAccessorImpl.java:45)
	at java.lang.reflect.Constructor.newInstance(Constructor.java:423)
	at org.openqa.selenium.remote.W3CHandshakeResponse.lambda$new$0(W3CHandshakeResponse.java:57)
	at org.openqa.selenium.remote.W3CHandshakeResponse.lambda$getResponseFunction$2(W3CHandshakeResponse.java:104)
	at org.openqa.selenium.remote.ProtocolHandshake.lambda$createSession$0(ProtocolHandshake.java:123)
	at java.util.stream.ReferencePipeline$3$1.accept(ReferencePipeline.java:193)
	at java.util.Spliterators$ArraySpliterator.tryAdvance(Spliterators.java:958)
	at java.util.stream.ReferencePipeline.forEachWithCancel(ReferencePipeline.java:126)
	at java.util.stream.AbstractPipeline.copyIntoWithCancel(AbstractPipeline.java:498)
	at java.util.stream.AbstractPipeline.copyInto(AbstractPipeline.java:485)
	at java.util.stream.AbstractPipeline.wrapAndCopyInto(AbstractPipeline.java:471)
	at java.util.stream.FindOps$FindOp.evaluateSequential(FindOps.java:152)
	at java.util.stream.AbstractPipeline.evaluate(AbstractPipeline.java:234)
	at java.util.stream.ReferencePipeline.findFirst(ReferencePipeline.java:464)
	at org.openqa.selenium.remote.ProtocolHandshake.createSession(ProtocolHandshake.java:126)
	at org.openqa.selenium.remote.ProtocolHandshake.createSession(ProtocolHandshake.java:73)
	at org.openqa.selenium.remote.HttpCommandExecutor.execute(HttpCommandExecutor.java:142)
	at org.openqa.selenium.remote.service.DriverCommandExecutor.execute(DriverCommandExecutor.java:83)
	at org.openqa.selenium.remote.RemoteWebDriver.execute(RemoteWebDriver.java:600)
	at org.openqa.selenium.remote.RemoteWebDriver.startSession(RemoteWebDriver.java:219)
	at org.openqa.selenium.remote.RemoteWebDriver.<init>(RemoteWebDriver.java:142)
	at org.openqa.selenium.chrome.ChromeDriver.<init>(ChromeDriver.java:181)
	at org.openqa.selenium.chrome.ChromeDriver.<init>(ChromeDriver.java:168)
	at org.openqa.selenium.chrome.ChromeDriver.<init>(ChromeDriver.java:123)
	at com.cucumber.pages.BasePage.open(BasePage.java:53)
	at com.cucumber.steps.BasePageSteps.openHomePage(BasePageSteps.java:48)
	at ✽.Given the user opens the "broadband-map" page(src/test/java/com/cucumber/features/service_check.feature:7)
]]></failure>
</testcase>
</testsuite>
